[debug] [2021-09-04T14:53:07.548Z] ----------------------------------------------------------------------
[debug] [2021-09-04T14:53:07.549Z] Command:       /Users/tokitaryousuke/.anyenv/envs/nodenv/versions/14.16.0/bin/node /Users/tokitaryousuke/.anyenv/envs/nodenv/versions/14.16.0/bin/firebase emulators:start
[debug] [2021-09-04T14:53:07.549Z] CLI Version:   9.10.2
[debug] [2021-09-04T14:53:07.549Z] Platform:      darwin
[debug] [2021-09-04T14:53:07.550Z] Node Version:  v14.16.0
[debug] [2021-09-04T14:53:07.552Z] Time:          Sat Sep 04 2021 23:53:07 GMT+0900 (日本標準時)
[debug] [2021-09-04T14:53:07.552Z] ----------------------------------------------------------------------
[debug] 
[debug] [2021-09-04T14:53:07.560Z] > command requires scopes: ["email","openid","https://www.googleapis.com/auth/cloudplatformprojects.readonly","https://www.googleapis.com/auth/firebase","https://www.googleapis.com/auth/cloud-platform"]
[debug] [2021-09-04T14:53:07.560Z] > authorizing via signed-in user (natto.and.eggs@gmail.com)
[info] i  emulators: Starting emulators: auth, functions, firestore, hosting, pubsub {"metadata":{"emulator":{"name":"hub"},"message":"Starting emulators: auth, functions, firestore, hosting, pubsub"}}
[debug] [2021-09-04T14:53:07.581Z] [hub] writing locator at /var/folders/wx/fj9cr_f179vfpgq8rp09x1br0000gn/T/hub-todo-d160c.json
[warn] ⚠  functions: The following emulators are not running, calls to these services from the Functions emulator will affect production: database {"metadata":{"emulator":{"name":"functions"},"message":"The following emulators are not running, calls to these services from the Functions emulator will affect production: \u001b[1mdatabase\u001b[22m"}}
[warn] ⚠  Your requested "node" version "12" doesn't match your global version "14" {"metadata":{"emulator":{"name":"functions"},"message":"Your requested \"node\" version \"12\" doesn't match your global version \"14\""}}
[debug] [2021-09-04T14:53:07.625Z] defaultcredentials: writing to file /Users/tokitaryousuke/.config/firebase/natto_and.eggs_gmail.com_application_default_credentials.json
[debug] [2021-09-04T14:53:07.629Z] Setting GAC to /Users/tokitaryousuke/.config/firebase/natto_and.eggs_gmail.com_application_default_credentials.json {"metadata":{"emulator":{"name":"functions"},"message":"Setting GAC to /Users/tokitaryousuke/.config/firebase/natto_and.eggs_gmail.com_application_default_credentials.json"}}
[debug] [2021-09-04T14:53:07.630Z] > refreshing access token with scopes: []
[debug] [2021-09-04T14:53:07.630Z] >>> HTTP REQUEST POST https://www.googleapis.com/oauth2/v3/token  
 <request body omitted>
[debug] [2021-09-04T14:53:07.785Z] <<< HTTP RESPONSE 200 {"date":"Sat, 04 Sep 2021 14:53:07 GMT","pragma":"no-cache","expires":"Mon, 01 Jan 1990 00:00:00 GMT","cache-control":"no-cache, no-store, max-age=0, must-revalidate","content-type":"application/json; charset=utf-8","vary":"X-Origin, Referer, Origin,Accept-Encoding","server":"scaffolding on HTTPServer2","x-xss-protection":"0","x-frame-options":"SAMEORIGIN","x-content-type-options":"nosniff","alt-svc":"h3=\":443\"; ma=2592000,h3-29=\":443\"; ma=2592000,h3-T051=\":443\"; ma=2592000,h3-Q050=\":443\"; ma=2592000,h3-Q046=\":443\"; ma=2592000,h3-Q043=\":443\"; ma=2592000,quic=\":443\"; ma=2592000; v=\"46,43\"","accept-ranges":"none","transfer-encoding":"chunked"}
[debug] [2021-09-04T14:53:07.845Z] >>> [apiv2][query] GET https://firebase.googleapis.com/v1beta1/projects/todo-d160c/adminSdkConfig [none]
[debug] [2021-09-04T14:53:08.495Z] <<< [apiv2][status] GET https://firebase.googleapis.com/v1beta1/projects/todo-d160c/adminSdkConfig 200
[debug] [2021-09-04T14:53:08.496Z] <<< [apiv2][body] GET https://firebase.googleapis.com/v1beta1/projects/todo-d160c/adminSdkConfig {"projectId":"todo-d160c","storageBucket":"todo-d160c.appspot.com","locationId":"asia-northeast1"}
[debug] [2021-09-04T14:53:08.527Z] Ignoring unsupported arg: projectId {"metadata":{"emulator":{"name":"firestore"},"message":"Ignoring unsupported arg: projectId"}}
[debug] [2021-09-04T14:53:08.527Z] Ignoring unsupported arg: auto_download {"metadata":{"emulator":{"name":"firestore"},"message":"Ignoring unsupported arg: auto_download"}}
[debug] [2021-09-04T14:53:08.527Z] Starting Firestore Emulator with command {"binary":"java","args":["-Dgoogle.cloud_firestore.debug_log_level=FINE","-Duser.language=en","-jar","/Users/tokitaryousuke/.cache/firebase/emulators/cloud-firestore-emulator-v1.11.15.jar","--host","localhost","--port",8080,"--rules","/Users/tokitaryousuke/Repo/well-tested-todo-app/firestore.rules","--functions_emulator","localhost:5001"],"optionalArgs":["port","webchannel_port","host","rules","functions_emulator","seed_from_export"],"joinArgs":false} {"metadata":{"emulator":{"name":"firestore"},"message":"Starting Firestore Emulator with command {\"binary\":\"java\",\"args\":[\"-Dgoogle.cloud_firestore.debug_log_level=FINE\",\"-Duser.language=en\",\"-jar\",\"/Users/tokitaryousuke/.cache/firebase/emulators/cloud-firestore-emulator-v1.11.15.jar\",\"--host\",\"localhost\",\"--port\",8080,\"--rules\",\"/Users/tokitaryousuke/Repo/well-tested-todo-app/firestore.rules\",\"--functions_emulator\",\"localhost:5001\"],\"optionalArgs\":[\"port\",\"webchannel_port\",\"host\",\"rules\",\"functions_emulator\",\"seed_from_export\"],\"joinArgs\":false}"}}
[info] i  firestore: Firestore Emulator logging to firestore-debug.log {"metadata":{"emulator":{"name":"firestore"},"message":"Firestore Emulator logging to \u001b[1mfirestore-debug.log\u001b[22m"}}
[debug] [2021-09-04T14:53:15.460Z] Sep 04, 2021 11:53:15 PM com.google.cloud.datastore.emulator.firestore.websocket.WebSocketServer start
INFO: Started WebSocket server on ws://localhost:58650
 {"metadata":{"emulator":{"name":"firestore"},"message":"Sep 04, 2021 11:53:15 PM com.google.cloud.datastore.emulator.firestore.websocket.WebSocketServer start\nINFO: Started WebSocket server on ws://localhost:58650\n"}}
[debug] [2021-09-04T14:53:15.546Z] API endpoint: http:// {"metadata":{"emulator":{"name":"firestore"},"message":"API endpoint: http://"}}
[debug] [2021-09-04T14:53:15.546Z] localhost:8080
If you are using a library that supports the FIRESTORE_EMULATOR_HOST environment variable, run:

   export FIRESTORE_EMULATOR_HOST=localhost:8080

Dev App Server is now running.

 {"metadata":{"emulator":{"name":"firestore"},"message":"localhost:8080\nIf you are using a library that supports the FIRESTORE_EMULATOR_HOST environment variable, run:\n\n   export FIRESTORE_EMULATOR_HOST=localhost:8080\n\nDev App Server is now running.\n\n"}}
[debug] [2021-09-04T14:53:18.373Z] Ignoring unsupported arg: projectId {"metadata":{"emulator":{"name":"pubsub"},"message":"Ignoring unsupported arg: projectId"}}
[debug] [2021-09-04T14:53:18.373Z] Ignoring unsupported arg: auto_download {"metadata":{"emulator":{"name":"pubsub"},"message":"Ignoring unsupported arg: auto_download"}}
[debug] [2021-09-04T14:53:18.373Z] Starting Pub/Sub Emulator with command {"binary":"/Users/tokitaryousuke/.cache/firebase/emulators/pubsub-emulator-0.1.0/pubsub-emulator/bin/cloud-pubsub-emulator","args":["--host=localhost","--port=8085"],"optionalArgs":["port","host"],"joinArgs":true} {"metadata":{"emulator":{"name":"pubsub"},"message":"Starting Pub/Sub Emulator with command {\"binary\":\"/Users/tokitaryousuke/.cache/firebase/emulators/pubsub-emulator-0.1.0/pubsub-emulator/bin/cloud-pubsub-emulator\",\"args\":[\"--host=localhost\",\"--port=8085\"],\"optionalArgs\":[\"port\",\"host\"],\"joinArgs\":true}"}}
[info] i  pubsub: Pub/Sub Emulator logging to pubsub-debug.log {"metadata":{"emulator":{"name":"pubsub"},"message":"Pub/Sub Emulator logging to \u001b[1mpubsub-debug.log\u001b[22m"}}
[debug] [2021-09-04T14:53:18.399Z] Sep 04, 2021 11:53:18 PM io.gapi.emulators.netty.HttpVersionRoutingHandler channelRead
INFO: Detected non-HTTP/2 connection.
 {"metadata":{"emulator":{"name":"firestore"},"message":"Sep 04, 2021 11:53:18 PM io.gapi.emulators.netty.HttpVersionRoutingHandler channelRead\nINFO: Detected non-HTTP/2 connection.\n"}}
[debug] [2021-09-04T14:53:18.447Z] Sep 04, 2021 11:53:18 PM com.google.cloud.datastore.emulator.firestore.websocket.WebSocketChannelHandler initChannel
INFO: Connected to new websocket client
 {"metadata":{"emulator":{"name":"firestore"},"message":"Sep 04, 2021 11:53:18 PM com.google.cloud.datastore.emulator.firestore.websocket.WebSocketChannelHandler initChannel\nINFO: Connected to new websocket client\n"}}
[debug] [2021-09-04T14:53:18.757Z] This is the Google Pub/Sub fake.
 {"metadata":{"emulator":{"name":"pubsub"},"message":"This is the Google Pub/Sub fake.\n"}}
[debug] [2021-09-04T14:53:18.758Z] Implementation may be incomplete or differ from the real system.
 {"metadata":{"emulator":{"name":"pubsub"},"message":"Implementation may be incomplete or differ from the real system.\n"}}
[debug] [2021-09-04T14:53:18.825Z] 9 04, 2021 11:53:18 午後 com.google.cloud.pubsub.testing.v1.Main main
情報: IAM integration is disabled. IAM policy methods and ACL checks are not supported
 {"metadata":{"emulator":{"name":"pubsub"},"message":"9 04, 2021 11:53:18 午後 com.google.cloud.pubsub.testing.v1.Main main\n情報: IAM integration is disabled. IAM policy methods and ACL checks are not supported\n"}}
[debug] [2021-09-04T14:53:19.656Z] 9 04, 2021 11:53:19 午後 io.gapi.emulators.netty.NettyUtil applyJava7LongHostnameWorkaround
情報: Unable to apply Java 7 long hostname workaround.
 {"metadata":{"emulator":{"name":"pubsub"},"message":"9 04, 2021 11:53:19 午後 io.gapi.emulators.netty.NettyUtil applyJava7LongHostnameWorkaround\n情報: Unable to apply Java 7 long hostname workaround.\n"}}
[debug] [2021-09-04T14:53:20.435Z] Sep 04, 2021 11:53:20 PM io.gapi.emulators.netty.HttpVersionRoutingHandler channelRead
INFO: Detected non-HTTP/2 connection.
 {"metadata":{"emulator":{"name":"firestore"},"message":"Sep 04, 2021 11:53:20 PM io.gapi.emulators.netty.HttpVersionRoutingHandler channelRead\nINFO: Detected non-HTTP/2 connection.\n"}}
[debug] [2021-09-04T14:53:20.449Z] Sep 04, 2021 11:53:20 PM com.google.cloud.datastore.emulator.firestore.websocket.WebSocketChannelHandler initChannel
INFO: Connected to new websocket client
 {"metadata":{"emulator":{"name":"firestore"},"message":"Sep 04, 2021 11:53:20 PM com.google.cloud.datastore.emulator.firestore.websocket.WebSocketChannelHandler initChannel\nINFO: Connected to new websocket client\n"}}
[debug] [2021-09-04T14:53:20.459Z] Sep 04, 2021 11:53:20 PM com.google.cloud.datastore.emulator.firestore.websocket.WebSocketChannelHandler channelClosed
INFO: Websocket client disconnected
 {"metadata":{"emulator":{"name":"firestore"},"message":"Sep 04, 2021 11:53:20 PM com.google.cloud.datastore.emulator.firestore.websocket.WebSocketChannelHandler channelClosed\nINFO: Websocket client disconnected\n"}}
[debug] [2021-09-04T14:53:22.458Z] Sep 04, 2021 11:53:22 PM io.gapi.emulators.netty.HttpVersionRoutingHandler channelRead
INFO: Detected non-HTTP/2 connection.
 {"metadata":{"emulator":{"name":"firestore"},"message":"Sep 04, 2021 11:53:22 PM io.gapi.emulators.netty.HttpVersionRoutingHandler channelRead\nINFO: Detected non-HTTP/2 connection.\n"}}
[debug] [2021-09-04T14:53:24.478Z] Sep 04, 2021 11:53:24 PM io.gapi.emulators.netty.HttpVersionRoutingHandler channelRead
INFO: Detected non-HTTP/2 connection.
 {"metadata":{"emulator":{"name":"firestore"},"message":"Sep 04, 2021 11:53:24 PM io.gapi.emulators.netty.HttpVersionRoutingHandler channelRead\nINFO: Detected non-HTTP/2 connection.\n"}}
[debug] [2021-09-04T14:53:24.749Z] 9 04, 2021 11:53:24 午後 com.google.cloud.pubsub.testing.v1.Main main
情報: Server started, listening on 8085
 {"metadata":{"emulator":{"name":"pubsub"},"message":"9 04, 2021 11:53:24 午後 com.google.cloud.pubsub.testing.v1.Main main\n情報: Server started, listening on 8085\n"}}
[debug] [2021-09-04T14:53:24.755Z] >>> [apiv2][query] GET https://firebasehosting.googleapis.com/v1beta1/projects/todo-d160c/sites 
[debug] [2021-09-04T14:53:24.859Z] 9 04, 2021 11:53:24 午後 io.gapi.emulators.grpc.GrpcServer$3 operationComplete
情報: Adding handler(s) to newly registered Channel.
 {"metadata":{"emulator":{"name":"pubsub"},"message":"9 04, 2021 11:53:24 午後 io.gapi.emulators.grpc.GrpcServer$3 operationComplete\n情報: Adding handler(s) to newly registered Channel.\n"}}
[debug] [2021-09-04T14:53:25.651Z] <<< [apiv2][status] GET https://firebasehosting.googleapis.com/v1beta1/projects/todo-d160c/sites 200
[debug] [2021-09-04T14:53:25.651Z] <<< [apiv2][body] GET https://firebasehosting.googleapis.com/v1beta1/projects/todo-d160c/sites {"sites":[{"name":"projects/684157651451/sites/todo-d160c","defaultUrl":"https://todo-d160c.web.app","appId":"1:684157651451:web:e72e1e69925bd692e4e35e","type":"DEFAULT_SITE"}]}
[debug] [2021-09-04T14:53:25.651Z] >>> [apiv2][query] GET https://firebase.googleapis.com/v1beta1/projects/todo-d160c/webApps/1:684157651451:web:e72e1e69925bd692e4e35e/config [none]
[debug] [2021-09-04T14:53:26.506Z] Sep 04, 2021 11:53:26 PM io.gapi.emulators.netty.HttpVersionRoutingHandler channelRead
INFO: Detected non-HTTP/2 connection.
 {"metadata":{"emulator":{"name":"firestore"},"message":"Sep 04, 2021 11:53:26 PM io.gapi.emulators.netty.HttpVersionRoutingHandler channelRead\nINFO: Detected non-HTTP/2 connection.\n"}}
[debug] [2021-09-04T14:53:26.524Z] Sep 04, 2021 11:53:26 PM com.google.cloud.datastore.emulator.firestore.websocket.WebSocketChannelHandler channelClosed
INFO: Websocket client disconnected
 {"metadata":{"emulator":{"name":"firestore"},"message":"Sep 04, 2021 11:53:26 PM com.google.cloud.datastore.emulator.firestore.websocket.WebSocketChannelHandler channelClosed\nINFO: Websocket client disconnected\n"}}
[debug] [2021-09-04T14:53:26.524Z] Sep 04, 2021 11:53:26 PM com.google.cloud.datastore.emulator.firestore.websocket.WebSocketChannelHandler initChannel
INFO: Connected to new websocket client
 {"metadata":{"emulator":{"name":"firestore"},"message":"Sep 04, 2021 11:53:26 PM com.google.cloud.datastore.emulator.firestore.websocket.WebSocketChannelHandler initChannel\nINFO: Connected to new websocket client\n"}}
[debug] [2021-09-04T14:53:27.170Z] <<< [apiv2][status] GET https://firebase.googleapis.com/v1beta1/projects/todo-d160c/webApps/1:684157651451:web:e72e1e69925bd692e4e35e/config 200
[debug] [2021-09-04T14:53:27.170Z] <<< [apiv2][body] GET https://firebase.googleapis.com/v1beta1/projects/todo-d160c/webApps/1:684157651451:web:e72e1e69925bd692e4e35e/config {"projectId":"todo-d160c","appId":"1:684157651451:web:e72e1e69925bd692e4e35e","storageBucket":"todo-d160c.appspot.com","locationId":"asia-northeast1","apiKey":"AIzaSyCmSrni1SaSv7utL-VaVwTYrD5afytjb4U","authDomain":"todo-d160c.firebaseapp.com","messagingSenderId":"684157651451","measurementId":"G-B8WDMVBND5"}
[info] i  hosting: Serving hosting files from: build {"metadata":{"emulator":{"name":"hosting"},"message":"Serving hosting files from: \u001b[1mbuild\u001b[22m"}}
[info] ✔  hosting: Local server: http://localhost:5000 {"metadata":{"emulator":{"name":"hosting"},"message":"Local server: \u001b[4m\u001b[1mhttp://localhost:5000\u001b[22m\u001b[24m"}}
[warn] ⚠  ui: Emulator UI unable to start on port 4000, starting on 4001 instead. {"metadata":{"emulator":{"name":"ui"},"message":"Emulator UI unable to start on port 4000, starting on 4001 instead."}}
[info] i  ui: downloading ui-v1.4.2.zip... {"metadata":{"emulator":{"name":"ui"},"message":"downloading ui-v1.4.2.zip..."}}
[debug] [2021-09-04T14:53:27.481Z] >>> [apiv2][query] GET https://storage.googleapis.com/firebase-preview-drop/emulator/ui-v1.4.2.zip 
[debug] [2021-09-04T14:53:27.720Z] <<< [apiv2][status] GET https://storage.googleapis.com/firebase-preview-drop/emulator/ui-v1.4.2.zip 200
[debug] [2021-09-04T14:53:27.721Z] <<< [apiv2][body] GET https://storage.googleapis.com/firebase-preview-drop/emulator/ui-v1.4.2.zip [stream]
[info] i  ui: Removing outdated emulator files: ui-v1.6.0 {"metadata":{"emulator":{"name":"ui"},"message":"Removing outdated emulator files: ui-v1.6.0"}}
[info] i  ui: Removing outdated emulator files: ui-v1.6.0.zip {"metadata":{"emulator":{"name":"ui"},"message":"Removing outdated emulator files: ui-v1.6.0.zip"}}
[debug] [2021-09-04T14:53:28.130Z] Ignoring unsupported arg: auto_download {"metadata":{"emulator":{"name":"ui"},"message":"Ignoring unsupported arg: auto_download"}}
[debug] [2021-09-04T14:53:28.130Z] Ignoring unsupported arg: port {"metadata":{"emulator":{"name":"ui"},"message":"Ignoring unsupported arg: port"}}
[debug] [2021-09-04T14:53:28.130Z] Starting Emulator UI with command {"binary":"node","args":["/Users/tokitaryousuke/.cache/firebase/emulators/ui-v1.4.2/server.bundle.js"],"optionalArgs":[],"joinArgs":false} {"metadata":{"emulator":{"name":"ui"},"message":"Starting Emulator UI with command {\"binary\":\"node\",\"args\":[\"/Users/tokitaryousuke/.cache/firebase/emulators/ui-v1.4.2/server.bundle.js\"],\"optionalArgs\":[],\"joinArgs\":false}"}}
[info] i  ui: Emulator UI logging to ui-debug.log {"metadata":{"emulator":{"name":"ui"},"message":"Emulator UI logging to \u001b[1mui-debug.log\u001b[22m"}}
[debug] [2021-09-04T14:53:28.218Z] Web / API server started at http://localhost:4001
 {"metadata":{"emulator":{"name":"ui"},"message":"Web / API server started at http://localhost:4001\n"}}
[info] i  functions: Watching "/Users/tokitaryousuke/Repo/well-tested-todo-app/functions" for Cloud Functions... {"metadata":{"emulator":{"name":"functions"},"message":"Watching \"/Users/tokitaryousuke/Repo/well-tested-todo-app/functions\" for Cloud Functions..."}}
[debug] [2021-09-04T14:53:28.428Z] [worker-pool] addWorker(~diagnostic~) {"metadata":{"emulator":{"name":"functions"},"message":"[worker-pool] addWorker(~diagnostic~)"}}
[debug] [2021-09-04T14:53:28.429Z] [worker-pool] Adding worker with key ~diagnostic~, total=1 {"metadata":{"emulator":{"name":"functions"},"message":"[worker-pool] Adding worker with key ~diagnostic~, total=1"}}
[debug] [2021-09-04T14:53:28.429Z] [worker-pool] submitWork(triggerId=) {"metadata":{"emulator":{"name":"functions"},"message":"[worker-pool] submitWork(triggerId=)"}}
[debug] [2021-09-04T14:53:28.429Z] [worker-~diagnostic~-1f4229f9-8749-4fad-a852-a78b5d410c56]: Assigning socketPath: /var/folders/wx/fj9cr_f179vfpgq8rp09x1br0000gn/T/fire_emu_14680.sock {"metadata":{"emulator":{"name":"functions"},"message":"[worker-~diagnostic~-1f4229f9-8749-4fad-a852-a78b5d410c56]: Assigning socketPath: /var/folders/wx/fj9cr_f179vfpgq8rp09x1br0000gn/T/fire_emu_14680.sock"}}
[debug] [2021-09-04T14:53:28.429Z] [worker-~diagnostic~-1f4229f9-8749-4fad-a852-a78b5d410c56]: BUSY {"metadata":{"emulator":{"name":"functions"},"message":"[worker-~diagnostic~-1f4229f9-8749-4fad-a852-a78b5d410c56]: BUSY"}}
[debug] [2021-09-04T14:53:28.530Z] Sep 04, 2021 11:53:28 PM io.gapi.emulators.netty.HttpVersionRoutingHandler channelRead
INFO: Detected non-HTTP/2 connection.
 {"metadata":{"emulator":{"name":"firestore"},"message":"Sep 04, 2021 11:53:28 PM io.gapi.emulators.netty.HttpVersionRoutingHandler channelRead\nINFO: Detected non-HTTP/2 connection.\n"}}
[debug] [2021-09-04T14:53:28.549Z] Sep 04, 2021 11:53:28 PM com.google.cloud.datastore.emulator.firestore.websocket.WebSocketChannelHandler channelClosed
INFO: Websocket client disconnected
 {"metadata":{"emulator":{"name":"firestore"},"message":"Sep 04, 2021 11:53:28 PM com.google.cloud.datastore.emulator.firestore.websocket.WebSocketChannelHandler channelClosed\nINFO: Websocket client disconnected\n"}}
[debug] [2021-09-04T14:53:28.551Z] Sep 04, 2021 11:53:28 PM com.google.cloud.datastore.emulator.firestore.websocket.WebSocketChannelHandler initChannel
INFO: Connected to new websocket client
 {"metadata":{"emulator":{"name":"firestore"},"message":"Sep 04, 2021 11:53:28 PM com.google.cloud.datastore.emulator.firestore.websocket.WebSocketChannelHandler initChannel\nINFO: Connected to new websocket client\n"}}
[debug] [2021-09-04T14:53:28.567Z] [runtime-status] [14680] Functions runtime initialized. {"cwd":"/Users/tokitaryousuke/Repo/well-tested-todo-app/functions","node_version":"14.16.0"} {"metadata":{"emulator":{"name":"functions"},"message":"[runtime-status] [14680] Functions runtime initialized. {\"cwd\":\"/Users/tokitaryousuke/Repo/well-tested-todo-app/functions\",\"node_version\":\"14.16.0\"}"}}
[debug] [2021-09-04T14:53:28.568Z] [runtime-status] [14680] Disabled runtime features: undefined {"metadata":{"emulator":{"name":"functions"},"message":"[runtime-status] [14680] Disabled runtime features: undefined"}}
[debug] [2021-09-04T14:53:28.570Z] [runtime-status] [14680] Resolved module firebase-admin {"declared":true,"installed":true,"version":"9.11.1","resolution":"/Users/tokitaryousuke/Repo/well-tested-todo-app/functions/node_modules/firebase-admin/lib/index.js"} {"metadata":{"emulator":{"name":"functions"},"message":"[runtime-status] [14680] Resolved module firebase-admin {\"declared\":true,\"installed\":true,\"version\":\"9.11.1\",\"resolution\":\"/Users/tokitaryousuke/Repo/well-tested-todo-app/functions/node_modules/firebase-admin/lib/index.js\"}"}}
[debug] [2021-09-04T14:53:28.573Z] [runtime-status] [14680] Resolved module firebase-functions {"declared":true,"installed":true,"version":"3.15.5","resolution":"/Users/tokitaryousuke/Repo/well-tested-todo-app/functions/node_modules/firebase-functions/lib/index.js"} {"metadata":{"emulator":{"name":"functions"},"message":"[runtime-status] [14680] Resolved module firebase-functions {\"declared\":true,\"installed\":true,\"version\":\"3.15.5\",\"resolution\":\"/Users/tokitaryousuke/Repo/well-tested-todo-app/functions/node_modules/firebase-functions/lib/index.js\"}"}}
[debug] [2021-09-04T14:53:28.575Z] [runtime-status] [14680] Resolved module firebase-functions {"declared":true,"installed":true,"version":"3.15.5","resolution":"/Users/tokitaryousuke/Repo/well-tested-todo-app/functions/node_modules/firebase-functions/lib/index.js"} {"metadata":{"emulator":{"name":"functions"},"message":"[runtime-status] [14680] Resolved module firebase-functions {\"declared\":true,\"installed\":true,\"version\":\"3.15.5\",\"resolution\":\"/Users/tokitaryousuke/Repo/well-tested-todo-app/functions/node_modules/firebase-functions/lib/index.js\"}"}}
[debug] [2021-09-04T14:53:28.575Z] [runtime-status] [14680] Set PUBSUB_EMULATOR_HOST to localhost:8085 {"metadata":{"emulator":{"name":"functions"},"message":"[runtime-status] [14680] Set PUBSUB_EMULATOR_HOST to localhost:8085"}}
[debug] [2021-09-04T14:53:28.576Z] [runtime-status] [14680] Outgoing network have been stubbed. [{"name":"http","status":"mocked"},{"name":"http","status":"mocked"},{"name":"https","status":"mocked"},{"name":"https","status":"mocked"},{"name":"net","status":"mocked"}] {"metadata":{"emulator":{"name":"functions"},"message":"[runtime-status] [14680] Outgoing network have been stubbed. [{\"name\":\"http\",\"status\":\"mocked\"},{\"name\":\"http\",\"status\":\"mocked\"},{\"name\":\"https\",\"status\":\"mocked\"},{\"name\":\"https\",\"status\":\"mocked\"},{\"name\":\"net\",\"status\":\"mocked\"}]"}}
[debug] [2021-09-04T14:53:28.577Z] [runtime-status] [14680] Resolved module firebase-functions {"declared":true,"installed":true,"version":"3.15.5","resolution":"/Users/tokitaryousuke/Repo/well-tested-todo-app/functions/node_modules/firebase-functions/lib/index.js"} {"metadata":{"emulator":{"name":"functions"},"message":"[runtime-status] [14680] Resolved module firebase-functions {\"declared\":true,\"installed\":true,\"version\":\"3.15.5\",\"resolution\":\"/Users/tokitaryousuke/Repo/well-tested-todo-app/functions/node_modules/firebase-functions/lib/index.js\"}"}}
[debug] [2021-09-04T14:53:28.605Z] [runtime-status] [14680] Checked functions.config() {"config":{}} {"metadata":{"emulator":{"name":"functions"},"message":"[runtime-status] [14680] Checked functions.config() {\"config\":{}}"}}
[debug] [2021-09-04T14:53:28.605Z] [runtime-status] [14680] firebase-functions has been stubbed. {"functionsResolution":{"declared":true,"installed":true,"version":"3.15.5","resolution":"/Users/tokitaryousuke/Repo/well-tested-todo-app/functions/node_modules/firebase-functions/lib/index.js"}} {"metadata":{"emulator":{"name":"functions"},"message":"[runtime-status] [14680] firebase-functions has been stubbed. {\"functionsResolution\":{\"declared\":true,\"installed\":true,\"version\":\"3.15.5\",\"resolution\":\"/Users/tokitaryousuke/Repo/well-tested-todo-app/functions/node_modules/firebase-functions/lib/index.js\"}}"}}
[debug] [2021-09-04T14:53:28.606Z] [runtime-status] [14680] Resolved module firebase-functions {"declared":true,"installed":true,"version":"3.15.5","resolution":"/Users/tokitaryousuke/Repo/well-tested-todo-app/functions/node_modules/firebase-functions/lib/index.js"} {"metadata":{"emulator":{"name":"functions"},"message":"[runtime-status] [14680] Resolved module firebase-functions {\"declared\":true,\"installed\":true,\"version\":\"3.15.5\",\"resolution\":\"/Users/tokitaryousuke/Repo/well-tested-todo-app/functions/node_modules/firebase-functions/lib/index.js\"}"}}
[debug] [2021-09-04T14:53:28.606Z] [runtime-status] [14680] Resolved module firebase-admin {"declared":true,"installed":true,"version":"9.11.1","resolution":"/Users/tokitaryousuke/Repo/well-tested-todo-app/functions/node_modules/firebase-admin/lib/index.js"} {"metadata":{"emulator":{"name":"functions"},"message":"[runtime-status] [14680] Resolved module firebase-admin {\"declared\":true,\"installed\":true,\"version\":\"9.11.1\",\"resolution\":\"/Users/tokitaryousuke/Repo/well-tested-todo-app/functions/node_modules/firebase-admin/lib/index.js\"}"}}
[debug] [2021-09-04T14:53:28.606Z] [runtime-status] [14680] Resolved module firebase-functions {"declared":true,"installed":true,"version":"3.15.5","resolution":"/Users/tokitaryousuke/Repo/well-tested-todo-app/functions/node_modules/firebase-functions/lib/index.js"} {"metadata":{"emulator":{"name":"functions"},"message":"[runtime-status] [14680] Resolved module firebase-functions {\"declared\":true,\"installed\":true,\"version\":\"3.15.5\",\"resolution\":\"/Users/tokitaryousuke/Repo/well-tested-todo-app/functions/node_modules/firebase-functions/lib/index.js\"}"}}
[debug] [2021-09-04T14:53:28.606Z] [runtime-status] [14680] firebase-admin has been stubbed. {"adminResolution":{"declared":true,"installed":true,"version":"9.11.1","resolution":"/Users/tokitaryousuke/Repo/well-tested-todo-app/functions/node_modules/firebase-admin/lib/index.js"}} {"metadata":{"emulator":{"name":"functions"},"message":"[runtime-status] [14680] firebase-admin has been stubbed. {\"adminResolution\":{\"declared\":true,\"installed\":true,\"version\":\"9.11.1\",\"resolution\":\"/Users/tokitaryousuke/Repo/well-tested-todo-app/functions/node_modules/firebase-admin/lib/index.js\"}}"}}
[info] ✔  functions[helloWorld]: http function initialized (http://localhost:5001/todo-d160c/us-central1/helloWorld). {"metadata":{"emulator":{"name":"functions"},"message":"\u001b[1mhttp\u001b[22m function initialized (http://localhost:5001/todo-d160c/us-central1/helloWorld)."}}
[info] 
┌─────────────────────────────────────────────────────────────┐
│ ✔  All emulators ready! It is now safe to connect your app. │
│ i  View Emulator UI at http://localhost:4001                │
└─────────────────────────────────────────────────────────────┘

┌────────────────┬────────────────┬─────────────────────────────────┐
│ Emulator       │ Host:Port      │ View in Emulator UI             │
├────────────────┼────────────────┼─────────────────────────────────┤
│ Authentication │ localhost:9099 │ http://localhost:4001/auth      │
├────────────────┼────────────────┼─────────────────────────────────┤
│ Functions      │ localhost:5001 │ http://localhost:4001/functions │
├────────────────┼────────────────┼─────────────────────────────────┤
│ Firestore      │ localhost:8080 │ http://localhost:4001/firestore │
├────────────────┼────────────────┼─────────────────────────────────┤
│ Hosting        │ localhost:5000 │ n/a                             │
├────────────────┼────────────────┼─────────────────────────────────┤
│ Pub/Sub        │ localhost:8085 │ n/a                             │
└────────────────┴────────────────┴─────────────────────────────────┘
  Emulator Hub running at localhost:4400
  Other reserved ports: 4500

Issues? Report them at https://github.com/firebase/firebase-tools/issues and attach the *-debug.log files.
 
[debug] [2021-09-04T14:53:28.612Z] [worker-~diagnostic~-1f4229f9-8749-4fad-a852-a78b5d410c56]: IDLE {"metadata":{"emulator":{"name":"functions"},"message":"[worker-~diagnostic~-1f4229f9-8749-4fad-a852-a78b5d410c56]: IDLE"}}
[debug] [2021-09-04T14:53:30.561Z] Sep 04, 2021 11:53:30 PM io.gapi.emulators.netty.HttpVersionRoutingHandler channelRead
INFO: Detected non-HTTP/2 connection.
 {"metadata":{"emulator":{"name":"firestore"},"message":"Sep 04, 2021 11:53:30 PM io.gapi.emulators.netty.HttpVersionRoutingHandler channelRead\nINFO: Detected non-HTTP/2 connection.\n"}}
[debug] [2021-09-04T14:53:32.580Z] Sep 04, 2021 11:53:32 PM io.gapi.emulators.netty.HttpVersionRoutingHandler channelRead
INFO: Detected non-HTTP/2 connection.
 {"metadata":{"emulator":{"name":"firestore"},"message":"Sep 04, 2021 11:53:32 PM io.gapi.emulators.netty.HttpVersionRoutingHandler channelRead\nINFO: Detected non-HTTP/2 connection.\n"}}
[debug] [2021-09-04T14:53:34.626Z] Sep 04, 2021 11:53:34 PM io.gapi.emulators.netty.HttpVersionRoutingHandler channelRead
INFO: Detected non-HTTP/2 connection.
 {"metadata":{"emulator":{"name":"firestore"},"message":"Sep 04, 2021 11:53:34 PM io.gapi.emulators.netty.HttpVersionRoutingHandler channelRead\nINFO: Detected non-HTTP/2 connection.\n"}}
[debug] [2021-09-04T14:53:37.568Z] >>> [apiv2][query] POST http://localhost:5001/functions/projects/todo-d160c/trigger_multicast [none]
[debug] [2021-09-04T14:53:37.568Z] >>> [apiv2][body] POST http://localhost:5001/functions/projects/todo-d160c/trigger_multicast {"eventType":"providers/firebase.auth/eventTypes/user.create","data":{"uid":"wuejdOUAVfEWiO1vl85vYwerRwK2","metadata":{"creationTime":"1630767217567","lastSignInTime":"1630767217567"},"customClaims":{}}}
[debug] [2021-09-04T14:53:37.578Z] <<< [apiv2][status] POST http://localhost:5001/functions/projects/todo-d160c/trigger_multicast 200
[debug] [2021-09-04T14:53:37.578Z] <<< [apiv2][body] POST http://localhost:5001/functions/projects/todo-d160c/trigger_multicast {"status":"multicast_acknowledged"}
[debug] [2021-09-04T14:56:31.577Z] Sep 04, 2021 11:56:31 PM io.gapi.emulators.netty.HttpVersionRoutingHandler channelRead
INFO: Detected non-HTTP/2 connection.
 {"metadata":{"emulator":{"name":"firestore"},"message":"Sep 04, 2021 11:56:31 PM io.gapi.emulators.netty.HttpVersionRoutingHandler channelRead\nINFO: Detected non-HTTP/2 connection.\n"}}
[debug] [2021-09-04T14:56:31.884Z] Sep 04, 2021 11:56:31 PM com.google.cloud.datastore.emulator.firestore.websocket.WebSocketChannelHandler channelClosed
INFO: Websocket client disconnected
 {"metadata":{"emulator":{"name":"firestore"},"message":"Sep 04, 2021 11:56:31 PM com.google.cloud.datastore.emulator.firestore.websocket.WebSocketChannelHandler channelClosed\nINFO: Websocket client disconnected\n"}}
[debug] [2021-09-04T14:56:38.748Z] >>> [apiv2][query] POST http://localhost:5001/functions/projects/todo-d160c/trigger_multicast [none]
[debug] [2021-09-04T14:56:38.749Z] >>> [apiv2][body] POST http://localhost:5001/functions/projects/todo-d160c/trigger_multicast {"eventType":"providers/firebase.auth/eventTypes/user.create","data":{"uid":"0PIBZvjY5DVdtQCw63VxmIMAO87P","metadata":{"creationTime":"1630767398748","lastSignInTime":"1630767398748"},"customClaims":{}}}
[debug] [2021-09-04T14:56:38.759Z] <<< [apiv2][status] POST http://localhost:5001/functions/projects/todo-d160c/trigger_multicast 200
[debug] [2021-09-04T14:56:38.759Z] <<< [apiv2][body] POST http://localhost:5001/functions/projects/todo-d160c/trigger_multicast {"status":"multicast_acknowledged"}
[debug] [2021-09-04T14:59:37.801Z] >>> [apiv2][query] POST http://localhost:5001/functions/projects/todo-d160c/trigger_multicast [none]
[debug] [2021-09-04T14:59:37.802Z] >>> [apiv2][body] POST http://localhost:5001/functions/projects/todo-d160c/trigger_multicast {"eventType":"providers/firebase.auth/eventTypes/user.create","data":{"uid":"BRYjQHHKs5XKqoXjgD31NguFzZzo","metadata":{"creationTime":"1630767577801","lastSignInTime":"1630767577801"},"customClaims":{}}}
[debug] [2021-09-04T14:59:37.808Z] <<< [apiv2][status] POST http://localhost:5001/functions/projects/todo-d160c/trigger_multicast 200
[debug] [2021-09-04T14:59:37.808Z] <<< [apiv2][body] POST http://localhost:5001/functions/projects/todo-d160c/trigger_multicast {"status":"multicast_acknowledged"}
[debug] [2021-09-04T15:00:12.005Z] >>> [apiv2][query] POST http://localhost:5001/functions/projects/todo-d160c/trigger_multicast [none]
[debug] [2021-09-04T15:00:12.006Z] >>> [apiv2][body] POST http://localhost:5001/functions/projects/todo-d160c/trigger_multicast {"eventType":"providers/firebase.auth/eventTypes/user.create","data":{"uid":"FCqcGcHlDQczjpj1T6905SYLXVm7","metadata":{"creationTime":"1630767612005","lastSignInTime":"1630767612005"},"customClaims":{}}}
[debug] [2021-09-04T15:00:12.008Z] <<< [apiv2][status] POST http://localhost:5001/functions/projects/todo-d160c/trigger_multicast 200
[debug] [2021-09-04T15:00:12.009Z] <<< [apiv2][body] POST http://localhost:5001/functions/projects/todo-d160c/trigger_multicast {"status":"multicast_acknowledged"}
[debug] [2021-09-04T15:01:48.884Z] Sep 05, 2021 12:01:48 AM io.gapi.emulators.netty.HttpVersionRoutingHandler channelRead
INFO: Detected non-HTTP/2 connection.
 {"metadata":{"emulator":{"name":"firestore"},"message":"Sep 05, 2021 12:01:48 AM io.gapi.emulators.netty.HttpVersionRoutingHandler channelRead\nINFO: Detected non-HTTP/2 connection.\n"}}
[debug] [2021-09-04T15:01:49.023Z] Sep 05, 2021 12:01:49 AM io.gapi.emulators.netty.HttpVersionRoutingHandler channelRead
INFO: Detected HTTP/2 connection.
 {"metadata":{"emulator":{"name":"firestore"},"message":"Sep 05, 2021 12:01:49 AM io.gapi.emulators.netty.HttpVersionRoutingHandler channelRead\nINFO: Detected HTTP/2 connection.\n"}}
[debug] [2021-09-04T15:40:02.736Z] >>> [apiv2][query] POST http://localhost:5001/functions/projects/todo-d160c/trigger_multicast [none]
[debug] [2021-09-04T15:40:02.737Z] >>> [apiv2][body] POST http://localhost:5001/functions/projects/todo-d160c/trigger_multicast {"eventType":"providers/firebase.auth/eventTypes/user.create","data":{"uid":"ITl5o36bAqdsyNLBXq5Hyj7BpEIw","email":"tokita@sonicgarden.jp","emailVerified":false,"metadata":{"creationTime":"1630770002736","lastSignInTime":"1630770002736"},"customClaims":{},"providerData":[{"providerId":"password","email":"tokita@sonicgarden.jp","federatedId":"tokita@sonicgarden.jp","rawId":"tokita@sonicgarden.jp"}]}}
[debug] [2021-09-04T15:40:02.742Z] <<< [apiv2][status] POST http://localhost:5001/functions/projects/todo-d160c/trigger_multicast 200
[debug] [2021-09-04T15:40:02.742Z] <<< [apiv2][body] POST http://localhost:5001/functions/projects/todo-d160c/trigger_multicast {"status":"multicast_acknowledged"}
